2024-10-25 10:59:36.805  INFO [    Test worker] [] c.c.api.usecase.ReserveSeatUseCaseTest   : Starting ReserveSeatUseCaseTest using Java 21.0.1 with PID 8484 (started by maksalizm in /Users/maksalizm/projects/concert-reservation)
2024-10-25 10:59:36.815  INFO [    Test worker] [] c.c.api.usecase.ReserveSeatUseCaseTest   : No active profile set, falling back to 1 default profile: "default"
2024-10-25 10:59:38.200  INFO [    Test worker] [] .s.d.r.c.RepositoryConfigurationDelegate : Multiple Spring Data modules found, entering strict repository configuration mode
2024-10-25 10:59:38.203  INFO [    Test worker] [] .s.d.r.c.RepositoryConfigurationDelegate : Bootstrapping Spring Data JPA repositories in DEFAULT mode.
2024-10-25 10:59:38.464  INFO [    Test worker] [] .s.d.r.c.RepositoryConfigurationDelegate : Finished Spring Data repository scanning in 250 ms. Found 7 JPA repository interfaces.
2024-10-25 10:59:38.493  INFO [    Test worker] [] .s.d.r.c.RepositoryConfigurationDelegate : Multiple Spring Data modules found, entering strict repository configuration mode
2024-10-25 10:59:38.495  INFO [    Test worker] [] .s.d.r.c.RepositoryConfigurationDelegate : Bootstrapping Spring Data Redis repositories in DEFAULT mode.
2024-10-25 10:59:38.526  INFO [    Test worker] [] .RepositoryConfigurationExtensionSupport : Spring Data Redis - Could not safely identify store assignment for repository candidate interface com.consertreservation.domain.concert.infra.ConcertJPARepository; If you want this repository to be a Redis repository, consider annotating your entities with one of these annotations: org.springframework.data.redis.core.RedisHash (preferred), or consider extending one of the following types with your repository: org.springframework.data.keyvalue.repository.KeyValueRepository
2024-10-25 10:59:38.526  INFO [    Test worker] [] .RepositoryConfigurationExtensionSupport : Spring Data Redis - Could not safely identify store assignment for repository candidate interface com.consertreservation.domain.concert.infra.ConcertScheduleJPARepository; If you want this repository to be a Redis repository, consider annotating your entities with one of these annotations: org.springframework.data.redis.core.RedisHash (preferred), or consider extending one of the following types with your repository: org.springframework.data.keyvalue.repository.KeyValueRepository
2024-10-25 10:59:38.527  INFO [    Test worker] [] .RepositoryConfigurationExtensionSupport : Spring Data Redis - Could not safely identify store assignment for repository candidate interface com.consertreservation.domain.payment.infra.PaymentJPARepository; If you want this repository to be a Redis repository, consider annotating your entities with one of these annotations: org.springframework.data.redis.core.RedisHash (preferred), or consider extending one of the following types with your repository: org.springframework.data.keyvalue.repository.KeyValueRepository
2024-10-25 10:59:38.528  INFO [    Test worker] [] .RepositoryConfigurationExtensionSupport : Spring Data Redis - Could not safely identify store assignment for repository candidate interface com.consertreservation.domain.seat.infra.ReservationSeatJPARepository; If you want this repository to be a Redis repository, consider annotating your entities with one of these annotations: org.springframework.data.redis.core.RedisHash (preferred), or consider extending one of the following types with your repository: org.springframework.data.keyvalue.repository.KeyValueRepository
2024-10-25 10:59:38.529  INFO [    Test worker] [] .RepositoryConfigurationExtensionSupport : Spring Data Redis - Could not safely identify store assignment for repository candidate interface com.consertreservation.domain.seat.infra.SeatStoreJPARepository; If you want this repository to be a Redis repository, consider annotating your entities with one of these annotations: org.springframework.data.redis.core.RedisHash (preferred), or consider extending one of the following types with your repository: org.springframework.data.keyvalue.repository.KeyValueRepository
2024-10-25 10:59:38.532  INFO [    Test worker] [] .RepositoryConfigurationExtensionSupport : Spring Data Redis - Could not safely identify store assignment for repository candidate interface com.consertreservation.domain.user.infra.UserStoreJPARepository; If you want this repository to be a Redis repository, consider annotating your entities with one of these annotations: org.springframework.data.redis.core.RedisHash (preferred), or consider extending one of the following types with your repository: org.springframework.data.keyvalue.repository.KeyValueRepository
2024-10-25 10:59:38.532  INFO [    Test worker] [] .RepositoryConfigurationExtensionSupport : Spring Data Redis - Could not safely identify store assignment for repository candidate interface com.consertreservation.domain.usertoken.infra.UserTokenJPARepository; If you want this repository to be a Redis repository, consider annotating your entities with one of these annotations: org.springframework.data.redis.core.RedisHash (preferred), or consider extending one of the following types with your repository: org.springframework.data.keyvalue.repository.KeyValueRepository
2024-10-25 10:59:38.533  INFO [    Test worker] [] .s.d.r.c.RepositoryConfigurationDelegate : Finished Spring Data repository scanning in 24 ms. Found 0 Redis repository interfaces.
2024-10-25 10:59:39.296  INFO [    Test worker] [] com.zaxxer.hikari.HikariDataSource       : HikariPool-1 - Starting...
2024-10-25 10:59:39.573  INFO [    Test worker] [] com.zaxxer.hikari.pool.HikariPool        : HikariPool-1 - Added connection conn0: url=jdbc:h2:mem:f8d20634-c450-44d1-8f9f-8b51ed393ff5 user=SA
2024-10-25 10:59:39.576  INFO [    Test worker] [] com.zaxxer.hikari.HikariDataSource       : HikariPool-1 - Start completed.
2024-10-25 10:59:39.629  INFO [    Test worker] [] o.hibernate.jpa.internal.util.LogHelper  : HHH000204: Processing PersistenceUnitInfo [name: default]
2024-10-25 10:59:39.695  INFO [    Test worker] [] org.hibernate.Version                    : HHH000412: Hibernate ORM core version 6.5.3.Final
2024-10-25 10:59:39.737  INFO [    Test worker] [] o.h.c.internal.RegionFactoryInitiator    : HHH000026: Second-level cache disabled
2024-10-25 10:59:40.123  INFO [    Test worker] [] o.s.o.j.p.SpringPersistenceUnitInfo      : No LoadTimeWeaver setup: ignoring JPA class transformer
2024-10-25 10:59:41.245  INFO [    Test worker] [] o.h.e.t.j.p.i.JtaPlatformInitiator       : HHH000489: No JTA platform available (set 'hibernate.transaction.jta.platform' to enable JTA platform integration)
2024-10-25 10:59:41.294  INFO [    Test worker] [] j.LocalContainerEntityManagerFactoryBean : Initialized JPA EntityManagerFactory for persistence unit 'default'
2024-10-25 10:59:44.544  INFO [    Test worker] [] c.c.api.usecase.ReserveSeatUseCaseTest   : Started ReserveSeatUseCaseTest in 8.126 seconds (process running for 9.751)
2024-10-25 10:59:46.233  INFO [    Test worker] [] t.c.s.AnnotationConfigContextLoaderUtils : Could not detect default configuration classes for test class [com.consertreservation.api.usecase.SeatUserCaseTest]: SeatUserCaseTest does not declare any static, non-private, non-final, nested classes annotated with @Configuration.
2024-10-25 10:59:46.235  INFO [    Test worker] [] .b.t.c.SpringBootTestContextBootstrapper : Found @SpringBootConfiguration com.consertreservation.ConcertReservationApplication for test class com.consertreservation.api.usecase.SeatUserCaseTest
2024-10-25 10:59:46.314  INFO [    Test worker] [] t.c.s.AnnotationConfigContextLoaderUtils : Could not detect default configuration classes for test class [com.consertreservation.api.usecase.UserTokenUseCaseTest]: UserTokenUseCaseTest does not declare any static, non-private, non-final, nested classes annotated with @Configuration.
2024-10-25 10:59:46.316  INFO [    Test worker] [] .b.t.c.SpringBootTestContextBootstrapper : Found @SpringBootConfiguration com.consertreservation.ConcertReservationApplication for test class com.consertreservation.api.usecase.UserTokenUseCaseTest
2024-10-25 10:59:46.348  INFO [    Test worker] [] c.c.d.u.components.UserTokenComponent    : isExpired
2024-10-25 10:59:46.358  INFO [    Test worker] [] t.c.s.AnnotationConfigContextLoaderUtils : Could not detect default configuration classes for test class [com.consertreservation.api.usecase.UserUseCaseTest]: UserUseCaseTest does not declare any static, non-private, non-final, nested classes annotated with @Configuration.
2024-10-25 10:59:46.360  INFO [    Test worker] [] .b.t.c.SpringBootTestContextBootstrapper : Found @SpringBootConfiguration com.consertreservation.ConcertReservationApplication for test class com.consertreservation.api.usecase.UserUseCaseTest
2024-10-25 10:59:46.405  INFO [    Test worker] [] c.c.api.usecase.UserUseCaseTest          : Starting UserUseCaseTest using Java 21.0.1 with PID 8484 (started by maksalizm in /Users/maksalizm/projects/concert-reservation)
2024-10-25 10:59:46.406  INFO [    Test worker] [] c.c.api.usecase.UserUseCaseTest          : The following 1 profile is active: "test"
2024-10-25 10:59:46.666  INFO [    Test worker] [] .s.d.r.c.RepositoryConfigurationDelegate : Multiple Spring Data modules found, entering strict repository configuration mode
2024-10-25 10:59:46.667  INFO [    Test worker] [] .s.d.r.c.RepositoryConfigurationDelegate : Bootstrapping Spring Data JPA repositories in DEFAULT mode.
2024-10-25 10:59:46.700  INFO [    Test worker] [] .s.d.r.c.RepositoryConfigurationDelegate : Finished Spring Data repository scanning in 33 ms. Found 7 JPA repository interfaces.
2024-10-25 10:59:46.705  INFO [    Test worker] [] .s.d.r.c.RepositoryConfigurationDelegate : Multiple Spring Data modules found, entering strict repository configuration mode
2024-10-25 10:59:46.706  INFO [    Test worker] [] .s.d.r.c.RepositoryConfigurationDelegate : Bootstrapping Spring Data Redis repositories in DEFAULT mode.
2024-10-25 10:59:46.716  INFO [    Test worker] [] .RepositoryConfigurationExtensionSupport : Spring Data Redis - Could not safely identify store assignment for repository candidate interface com.consertreservation.domain.concert.infra.ConcertJPARepository; If you want this repository to be a Redis repository, consider annotating your entities with one of these annotations: org.springframework.data.redis.core.RedisHash (preferred), or consider extending one of the following types with your repository: org.springframework.data.keyvalue.repository.KeyValueRepository
2024-10-25 10:59:46.716  INFO [    Test worker] [] .RepositoryConfigurationExtensionSupport : Spring Data Redis - Could not safely identify store assignment for repository candidate interface com.consertreservation.domain.concert.infra.ConcertScheduleJPARepository; If you want this repository to be a Redis repository, consider annotating your entities with one of these annotations: org.springframework.data.redis.core.RedisHash (preferred), or consider extending one of the following types with your repository: org.springframework.data.keyvalue.repository.KeyValueRepository
2024-10-25 10:59:46.717  INFO [    Test worker] [] .RepositoryConfigurationExtensionSupport : Spring Data Redis - Could not safely identify store assignment for repository candidate interface com.consertreservation.domain.payment.infra.PaymentJPARepository; If you want this repository to be a Redis repository, consider annotating your entities with one of these annotations: org.springframework.data.redis.core.RedisHash (preferred), or consider extending one of the following types with your repository: org.springframework.data.keyvalue.repository.KeyValueRepository
2024-10-25 10:59:46.717  INFO [    Test worker] [] .RepositoryConfigurationExtensionSupport : Spring Data Redis - Could not safely identify store assignment for repository candidate interface com.consertreservation.domain.seat.infra.ReservationSeatJPARepository; If you want this repository to be a Redis repository, consider annotating your entities with one of these annotations: org.springframework.data.redis.core.RedisHash (preferred), or consider extending one of the following types with your repository: org.springframework.data.keyvalue.repository.KeyValueRepository
2024-10-25 10:59:46.717  INFO [    Test worker] [] .RepositoryConfigurationExtensionSupport : Spring Data Redis - Could not safely identify store assignment for repository candidate interface com.consertreservation.domain.seat.infra.SeatStoreJPARepository; If you want this repository to be a Redis repository, consider annotating your entities with one of these annotations: org.springframework.data.redis.core.RedisHash (preferred), or consider extending one of the following types with your repository: org.springframework.data.keyvalue.repository.KeyValueRepository
2024-10-25 10:59:46.718  INFO [    Test worker] [] .RepositoryConfigurationExtensionSupport : Spring Data Redis - Could not safely identify store assignment for repository candidate interface com.consertreservation.domain.user.infra.UserStoreJPARepository; If you want this repository to be a Redis repository, consider annotating your entities with one of these annotations: org.springframework.data.redis.core.RedisHash (preferred), or consider extending one of the following types with your repository: org.springframework.data.keyvalue.repository.KeyValueRepository
2024-10-25 10:59:46.719  INFO [    Test worker] [] .RepositoryConfigurationExtensionSupport : Spring Data Redis - Could not safely identify store assignment for repository candidate interface com.consertreservation.domain.usertoken.infra.UserTokenJPARepository; If you want this repository to be a Redis repository, consider annotating your entities with one of these annotations: org.springframework.data.redis.core.RedisHash (preferred), or consider extending one of the following types with your repository: org.springframework.data.keyvalue.repository.KeyValueRepository
2024-10-25 10:59:46.719  INFO [    Test worker] [] .s.d.r.c.RepositoryConfigurationDelegate : Finished Spring Data repository scanning in 12 ms. Found 0 Redis repository interfaces.
2024-10-25 10:59:46.833  INFO [    Test worker] [] o.hibernate.jpa.internal.util.LogHelper  : HHH000204: Processing PersistenceUnitInfo [name: default]
2024-10-25 10:59:46.836  INFO [    Test worker] [] o.h.c.internal.RegionFactoryInitiator    : HHH000026: Second-level cache disabled
2024-10-25 10:59:46.844  INFO [    Test worker] [] o.s.o.j.p.SpringPersistenceUnitInfo      : No LoadTimeWeaver setup: ignoring JPA class transformer
2024-10-25 10:59:46.845  INFO [    Test worker] [] com.zaxxer.hikari.HikariDataSource       : HikariPool-2 - Starting...
2024-10-25 10:59:46.849  INFO [    Test worker] [] com.zaxxer.hikari.pool.HikariPool        : HikariPool-2 - Added connection conn10: url=jdbc:h2:mem:test user=SA
2024-10-25 10:59:46.849  INFO [    Test worker] [] com.zaxxer.hikari.HikariDataSource       : HikariPool-2 - Start completed.
2024-10-25 10:59:47.029  INFO [    Test worker] [] o.h.e.t.j.p.i.JtaPlatformInitiator       : HHH000489: No JTA platform available (set 'hibernate.transaction.jta.platform' to enable JTA platform integration)
2024-10-25 10:59:47.058  INFO [    Test worker] [] j.LocalContainerEntityManagerFactoryBean : Initialized JPA EntityManagerFactory for persistence unit 'default'
2024-10-25 10:59:47.816  INFO [    Test worker] [] c.c.api.usecase.UserUseCaseTest          : Started UserUseCaseTest in 1.451 seconds (process running for 13.023)
2024-10-25 10:59:47.908  INFO [ionShutdownHook] [] j.LocalContainerEntityManagerFactoryBean : Closing JPA EntityManagerFactory for persistence unit 'default'
2024-10-25 10:59:47.922  INFO [ionShutdownHook] [] com.zaxxer.hikari.HikariDataSource       : HikariPool-1 - Shutdown initiated...
2024-10-25 10:59:47.924  INFO [ionShutdownHook] [] com.zaxxer.hikari.HikariDataSource       : HikariPool-1 - Shutdown completed.
2024-10-25 10:59:47.933  INFO [ionShutdownHook] [] j.LocalContainerEntityManagerFactoryBean : Closing JPA EntityManagerFactory for persistence unit 'default'
2024-10-25 10:59:47.944  INFO [ionShutdownHook] [] com.zaxxer.hikari.HikariDataSource       : HikariPool-2 - Shutdown initiated...
2024-10-25 10:59:47.945  INFO [ionShutdownHook] [] com.zaxxer.hikari.HikariDataSource       : HikariPool-2 - Shutdown completed.
